<?xml version="1.0" encoding="UTF-8"?>
<robot generator="Robot 3.2.2 (Python 3.9.0 on win32)" generated="20201113 10:38:43.353" rpa="false">
<suite id="s1" name="Shopping Visa Success" source="D:\Work\vv\swt-workshop\ui-test\shopping_cart\shopping_visa_success.robot">
<test id="s1-t1" name="user ซื้อของเล่นให้ลูกสาว เลือกวิธีการจัดส่งเป็น kerry ชำระเงินด้วยบัตรเครดิต visa และชำระเงินสำเร็จ">
<kw name="แสดงสินค้า">
<kw name="Open Browser" library="SeleniumLibrary">
<doc>Opens a new browser instance to the optional ``url``.</doc>
<arguments>
<arg>https://dminer.in.th/Product-list.html</arg>
<arg>chrome</arg>
</arguments>
<msg timestamp="20201113 10:38:43.533" level="INFO">Opening browser 'chrome' to base url 'https://dminer.in.th/Product-list.html'.</msg>
<status status="PASS" starttime="20201113 10:38:43.523" endtime="20201113 10:38:46.558"></status>
</kw>
<kw name="Element Should Contain" library="SeleniumLibrary">
<doc>Verifies that element ``locator`` contains text ``expected``.</doc>
<arguments>
<arg>id=productName-1</arg>
<arg>expected=43 Piece Dinner Set</arg>
</arguments>
<msg timestamp="20201113 10:38:46.583" level="INFO">Element 'id=productName-1' contains text '43 Piece Dinner Set'.</msg>
<status status="PASS" starttime="20201113 10:38:46.558" endtime="20201113 10:38:46.583"></status>
</kw>
<kw name="Element Should Contain" library="SeleniumLibrary">
<doc>Verifies that element ``locator`` contains text ``expected``.</doc>
<arguments>
<arg>id=productPrice-1</arg>
<arg>expected=12.95 USD</arg>
</arguments>
<msg timestamp="20201113 10:38:46.613" level="INFO">Element 'id=productPrice-1' contains text '12.95 USD'.</msg>
<status status="PASS" starttime="20201113 10:38:46.583" endtime="20201113 10:38:46.613"></status>
</kw>
<status status="PASS" starttime="20201113 10:38:43.523" endtime="20201113 10:38:46.613"></status>
</kw>
<kw name="แสดงรายละเอียดสินค้า">
<kw name="Click Button" library="SeleniumLibrary">
<doc>Clicks the button identified by ``locator``.</doc>
<arguments>
<arg>viewMore-1</arg>
</arguments>
<msg timestamp="20201113 10:38:46.613" level="INFO">Clicking button 'viewMore-1'.</msg>
<status status="PASS" starttime="20201113 10:38:46.613" endtime="20201113 10:38:46.705"></status>
</kw>
<kw name="Wait Until Page Contains" library="SeleniumLibrary">
<doc>Waits until ``text`` appears on the current page.</doc>
<arguments>
<arg>43 Piece dinner Set</arg>
</arguments>
<status status="PASS" starttime="20201113 10:38:46.705" endtime="20201113 10:38:46.928"></status>
</kw>
<kw name="Element Should Contain" library="SeleniumLibrary">
<doc>Verifies that element ``locator`` contains text ``expected``.</doc>
<arguments>
<arg>id=productName</arg>
<arg>expected=43 Piece dinner Set</arg>
</arguments>
<msg timestamp="20201113 10:38:46.954" level="INFO">Element 'id=productName' contains text '43 Piece dinner Set'.</msg>
<status status="PASS" starttime="20201113 10:38:46.928" endtime="20201113 10:38:46.955"></status>
</kw>
<kw name="Element Should Contain" library="SeleniumLibrary">
<doc>Verifies that element ``locator`` contains text ``expected``.</doc>
<arguments>
<arg>id=productBrand</arg>
<arg>expected=CoolKidz</arg>
</arguments>
<msg timestamp="20201113 10:38:46.982" level="INFO">Element 'id=productBrand' contains text 'CoolKidz'.</msg>
<status status="PASS" starttime="20201113 10:38:46.955" endtime="20201113 10:38:46.983"></status>
</kw>
<status status="PASS" starttime="20201113 10:38:46.613" endtime="20201113 10:38:46.983"></status>
</kw>
<kw name="ระบุจำนวนสินค้าที่จะซื้อ">
<kw name="Input Text" library="SeleniumLibrary">
<doc>Types the given ``text`` into the text field identified by ``locator``.</doc>
<arguments>
<arg>id=productQuantity</arg>
<arg>1</arg>
</arguments>
<msg timestamp="20201113 10:38:46.984" level="INFO">Typing text '1' into text field 'id=productQuantity'.</msg>
<status status="PASS" starttime="20201113 10:38:46.983" endtime="20201113 10:38:47.083"></status>
</kw>
<status status="PASS" starttime="20201113 10:38:46.983" endtime="20201113 10:38:47.083"></status>
</kw>
<kw name="นำใส่ในตะกร้า">
<kw name="Click Button" library="SeleniumLibrary">
<doc>Clicks the button identified by ``locator``.</doc>
<arguments>
<arg>addToCart</arg>
</arguments>
<msg timestamp="20201113 10:38:47.084" level="INFO">Clicking button 'addToCart'.</msg>
<status status="PASS" starttime="20201113 10:38:47.084" endtime="20201113 10:38:47.157"></status>
</kw>
<status status="PASS" starttime="20201113 10:38:47.084" endtime="20201113 10:38:47.157"></status>
</kw>
<kw name="ยืนยันการสั่งซื้อและชำระเงินด้วยบัตรเครดิตวีซ่าคาร์ด">
<kw name="Wait Until Page Contains" library="SeleniumLibrary">
<doc>Waits until ``text`` appears on the current page.</doc>
<arguments>
<arg>ยืนยันคำสั่งซื้อ</arg>
</arguments>
<status status="PASS" starttime="20201113 10:38:47.158" endtime="20201113 10:38:47.387"></status>
</kw>
<kw name="Element Should Contain" library="SeleniumLibrary">
<doc>Verifies that element ``locator`` contains text ``expected``.</doc>
<arguments>
<arg>id=receiverName</arg>
<arg>expected=ณัฐญา ชุติบุตร</arg>
</arguments>
<msg timestamp="20201113 10:38:47.419" level="INFO">Element 'id=receiverName' contains text 'ณัฐญา ชุติบุตร'.</msg>
<status status="PASS" starttime="20201113 10:38:47.387" endtime="20201113 10:38:47.419"></status>
</kw>
<kw name="Element Should Contain" library="SeleniumLibrary">
<doc>Verifies that element ``locator`` contains text ``expected``.</doc>
<arguments>
<arg>id=recevierAddress</arg>
<arg>expected=405/37 ถ.มหิดล ต.ท่าศาลา อ.เมือง จ.เชียงใหม่ 50000</arg>
</arguments>
<msg timestamp="20201113 10:38:47.443" level="INFO">Element 'id=recevierAddress' contains text '405/37 ถ.มหิดล ต.ท่าศาลา อ.เมือง จ.เชียงใหม่ 50000'.</msg>
<status status="PASS" starttime="20201113 10:38:47.419" endtime="20201113 10:38:47.443"></status>
</kw>
<kw name="Element Should Contain" library="SeleniumLibrary">
<doc>Verifies that element ``locator`` contains text ``expected``.</doc>
<arguments>
<arg>id=recevierPhonenumber</arg>
<arg>expected=0970809292</arg>
</arguments>
<msg timestamp="20201113 10:38:47.469" level="INFO">Element 'id=recevierPhonenumber' contains text '0970809292'.</msg>
<status status="PASS" starttime="20201113 10:38:47.443" endtime="20201113 10:38:47.469"></status>
</kw>
<kw name="Element Should Contain" library="SeleniumLibrary">
<doc>Verifies that element ``locator`` contains text ``expected``.</doc>
<arguments>
<arg>id=totalProductPrice</arg>
<arg>expected=12.95 USD</arg>
</arguments>
<msg timestamp="20201113 10:38:47.497" level="INFO">Element 'id=totalProductPrice' contains text '12.95 USD'.</msg>
<status status="PASS" starttime="20201113 10:38:47.469" endtime="20201113 10:38:47.497"></status>
</kw>
<kw name="Element Should Contain" library="SeleniumLibrary">
<doc>Verifies that element ``locator`` contains text ``expected``.</doc>
<arguments>
<arg>id=totalShippingCharge</arg>
<arg>expected=2.00 USD</arg>
</arguments>
<msg timestamp="20201113 10:38:47.521" level="INFO">Element 'id=totalShippingCharge' contains text '2.00 USD'.</msg>
<status status="PASS" starttime="20201113 10:38:47.497" endtime="20201113 10:38:47.522"></status>
</kw>
<kw name="Element Should Contain" library="SeleniumLibrary">
<doc>Verifies that element ``locator`` contains text ``expected``.</doc>
<arguments>
<arg>id=totalAmount</arg>
<arg>expected=14.95 USD</arg>
</arguments>
<msg timestamp="20201113 10:38:47.549" level="INFO">Element 'id=totalAmount' contains text '14.95 USD'.</msg>
<status status="PASS" starttime="20201113 10:38:47.522" endtime="20201113 10:38:47.550"></status>
</kw>
<kw name="Element Should Contain" library="SeleniumLibrary">
<doc>Verifies that element ``locator`` contains text ``expected``.</doc>
<arguments>
<arg>id=productName-1</arg>
<arg>expected=43 Piece dinner Set</arg>
</arguments>
<msg timestamp="20201113 10:38:47.573" level="INFO">Element 'id=productName-1' contains text '43 Piece dinner Set'.</msg>
<status status="PASS" starttime="20201113 10:38:47.550" endtime="20201113 10:38:47.573"></status>
</kw>
<kw name="Element Attribute Value Should Be" library="SeleniumLibrary">
<doc>Verifies element identified by ``locator`` contains expected attribute value.</doc>
<arguments>
<arg>id=productQuantity-1</arg>
<arg>value</arg>
<arg>1</arg>
</arguments>
<msg timestamp="20201113 10:38:47.602" level="INFO">Element 'id=productQuantity-1' attribute 'value' contains value '1'.</msg>
<status status="PASS" starttime="20201113 10:38:47.574" endtime="20201113 10:38:47.602"></status>
</kw>
<kw name="Element Should Contain" library="SeleniumLibrary">
<doc>Verifies that element ``locator`` contains text ``expected``.</doc>
<arguments>
<arg>id=productPrice-1</arg>
<arg>expected=12.95</arg>
</arguments>
<msg timestamp="20201113 10:38:47.637" level="INFO">Element 'id=productPrice-1' contains text '12.95'.</msg>
<status status="PASS" starttime="20201113 10:38:47.602" endtime="20201113 10:38:47.637"></status>
</kw>
<kw name="Click Button" library="SeleniumLibrary">
<doc>Clicks the button identified by ``locator``.</doc>
<arguments>
<arg>confirmPayment</arg>
</arguments>
<msg timestamp="20201113 10:38:47.637" level="INFO">Clicking button 'confirmPayment'.</msg>
<status status="PASS" starttime="20201113 10:38:47.637" endtime="20201113 10:38:47.710"></status>
</kw>
<kw name="Wait Until Page Contains" library="SeleniumLibrary">
<doc>Waits until ``text`` appears on the current page.</doc>
<arguments>
<arg>ยืนยันการชำระเงิน</arg>
</arguments>
<status status="PASS" starttime="20201113 10:38:47.711" endtime="20201113 10:38:48.157"></status>
</kw>
<kw name="Input Text" library="SeleniumLibrary">
<doc>Types the given ``text`` into the text field identified by ``locator``.</doc>
<arguments>
<arg>cardNumber</arg>
<arg>4719700591590995</arg>
</arguments>
<msg timestamp="20201113 10:38:48.158" level="INFO">Typing text '4719700591590995' into text field 'cardNumber'.</msg>
<status status="PASS" starttime="20201113 10:38:48.157" endtime="20201113 10:38:48.290"></status>
</kw>
<kw name="Input Text" library="SeleniumLibrary">
<doc>Types the given ``text`` into the text field identified by ``locator``.</doc>
<arguments>
<arg>expiredMonth</arg>
<arg>7</arg>
</arguments>
<msg timestamp="20201113 10:38:48.290" level="INFO">Typing text '7' into text field 'expiredMonth'.</msg>
<status status="PASS" starttime="20201113 10:38:48.290" endtime="20201113 10:38:48.378"></status>
</kw>
<kw name="Input Text" library="SeleniumLibrary">
<doc>Types the given ``text`` into the text field identified by ``locator``.</doc>
<arguments>
<arg>expiredYear</arg>
<arg>20</arg>
</arguments>
<msg timestamp="20201113 10:38:48.378" level="INFO">Typing text '20' into text field 'expiredYear'.</msg>
<status status="PASS" starttime="20201113 10:38:48.378" endtime="20201113 10:38:48.465"></status>
</kw>
<kw name="Input Text" library="SeleniumLibrary">
<doc>Types the given ``text`` into the text field identified by ``locator``.</doc>
<arguments>
<arg>cvv</arg>
<arg>752</arg>
</arguments>
<msg timestamp="20201113 10:38:48.465" level="INFO">Typing text '752' into text field 'cvv'.</msg>
<status status="PASS" starttime="20201113 10:38:48.465" endtime="20201113 10:38:48.563"></status>
</kw>
<kw name="Input Text" library="SeleniumLibrary">
<doc>Types the given ``text`` into the text field identified by ``locator``.</doc>
<arguments>
<arg>cardName</arg>
<arg>Karnwat Wongudom</arg>
</arguments>
<msg timestamp="20201113 10:38:48.563" level="INFO">Typing text 'Karnwat Wongudom' into text field 'cardName'.</msg>
<status status="PASS" starttime="20201113 10:38:48.563" endtime="20201113 10:38:48.692"></status>
</kw>
<kw name="Click Button" library="SeleniumLibrary">
<doc>Clicks the button identified by ``locator``.</doc>
<arguments>
<arg>Payment</arg>
</arguments>
<msg timestamp="20201113 10:38:48.692" level="INFO">Clicking button 'Payment'.</msg>
<status status="PASS" starttime="20201113 10:38:48.692" endtime="20201113 10:38:48.756"></status>
</kw>
<status status="PASS" starttime="20201113 10:38:47.158" endtime="20201113 10:38:48.756"></status>
</kw>
<kw name="ขอบคุณ">
<kw name="Wait Until Page Contains" library="SeleniumLibrary">
<doc>Waits until ``text`` appears on the current page.</doc>
<arguments>
<arg>ชำระเงินสำเร็จ</arg>
</arguments>
<status status="PASS" starttime="20201113 10:38:48.757" endtime="20201113 10:38:48.983"></status>
</kw>
<kw name="Element Should Contain" library="SeleniumLibrary">
<doc>Verifies that element ``locator`` contains text ``expected``.</doc>
<arguments>
<arg>id=title</arg>
<arg>expected=ชำระเงินสำเร็จ</arg>
</arguments>
<msg timestamp="20201113 10:38:49.012" level="INFO">Element 'id=title' contains text 'ชำระเงินสำเร็จ'.</msg>
<status status="PASS" starttime="20201113 10:38:48.983" endtime="20201113 10:38:49.012"></status>
</kw>
<kw name="Element Should Contain" library="SeleniumLibrary">
<doc>Verifies that element ``locator`` contains text ``expected``.</doc>
<arguments>
<arg>id=notify</arg>
<arg>expected=วันเวลาที่ชำระเงิน 1/3/2563 13:30:00 หมายเลขคำสั่งซื้อ 8004359103 คุณสามารถติดตามสินค้าผ่านช่องทาง Kerry ด้วยหมายเลข 1785261900</arg>
</arguments>
<msg timestamp="20201113 10:38:49.041" level="INFO">Element 'id=notify' contains text 'วันเวลาที่ชำระเงิน 1/3/2563 13:30:00 หมายเลขคำสั่งซื้อ 8004359103 คุณสามารถติดตามสินค้าผ่านช่องทาง Kerry ด้วยหมายเลข 1785261900'.</msg>
<status status="PASS" starttime="20201113 10:38:49.012" endtime="20201113 10:38:49.041"></status>
</kw>
<status status="PASS" starttime="20201113 10:38:48.757" endtime="20201113 10:38:49.042"></status>
</kw>
<status status="PASS" starttime="20201113 10:38:43.523" endtime="20201113 10:38:49.042" critical="yes"></status>
</test>
<kw name="Close All Browsers" library="SeleniumLibrary" type="teardown">
<doc>Closes all open browsers and resets the browser cache.</doc>
<status status="PASS" starttime="20201113 10:38:49.044" endtime="20201113 10:38:52.333"></status>
</kw>
<status status="PASS" starttime="20201113 10:38:43.353" endtime="20201113 10:38:52.333"></status>
</suite>
<statistics>
<total>
<stat pass="1" fail="0">Critical Tests</stat>
<stat pass="1" fail="0">All Tests</stat>
</total>
<tag>
</tag>
<suite>
<stat pass="1" fail="0" id="s1" name="Shopping Visa Success">Shopping Visa Success</stat>
</suite>
</statistics>
<errors>
</errors>
</robot>
