<?xml version="1.0" encoding="UTF-8"?>
<robot generator="Robot 3.2.2 (Python 3.9.0 on win32)" generated="20201106 11:34:18.978" rpa="false">
<suite id="s1" name="Google-G3" source="D:\Work\vv\swt-workshop\ui-test\google\google-g3.robot">
<test id="s1-t1" name="Test search keyword and verify result on Google">
<kw name="พิมพ์ google.com" library="resource-g3">
<kw name="Open Browser" library="SeleniumLibrary">
<doc>Opens a new browser instance to the optional ``url``.</doc>
<arguments>
<arg>${URL}</arg>
<arg>${BROWSER}</arg>
</arguments>
<msg timestamp="20201106 11:34:19.190" level="INFO">Opening browser 'chrome' to base url 'https://www.google.com'.</msg>
<status status="PASS" starttime="20201106 11:34:19.190" endtime="20201106 11:34:23.527"></status>
</kw>
<status status="PASS" starttime="20201106 11:34:19.189" endtime="20201106 11:34:23.528"></status>
</kw>
<kw name="พิมพ์คำค้น" library="resource-g3">
<kw name="Input Text" library="SeleniumLibrary">
<doc>Types the given ``text`` into the text field identified by ``locator``.</doc>
<arguments>
<arg>q</arg>
<arg>${KEYWORD}</arg>
</arguments>
<msg timestamp="20201106 11:34:23.532" level="INFO">Typing text 'USElection2020' into text field 'q'.</msg>
<status status="PASS" starttime="20201106 11:34:23.531" endtime="20201106 11:34:24.639"></status>
</kw>
<status status="PASS" starttime="20201106 11:34:23.530" endtime="20201106 11:34:24.639"></status>
</kw>
<kw name="กด Enter" library="resource-g3">
<kw name="Press Keys" library="SeleniumLibrary">
<doc>Simulates the user pressing key(s) to an element or on the active browser.</doc>
<arguments>
<arg>q</arg>
<arg>RETURN</arg>
</arguments>
<msg timestamp="20201106 11:34:24.641" level="INFO">Sending key(s) ('RETURN',) to q element.</msg>
<msg timestamp="20201106 11:34:25.335" level="INFO">Pressing special key RETURN to element.</msg>
<msg timestamp="20201106 11:34:25.335" level="INFO">Releasing special key RETURN.</msg>
<status status="PASS" starttime="20201106 11:34:24.640" endtime="20201106 11:34:27.062"></status>
</kw>
<status status="PASS" starttime="20201106 11:34:24.640" endtime="20201106 11:34:27.062"></status>
</kw>
<kw name="ตรวจสอบผลการค้นหา" library="resource-g3">
<kw name="Page Should Contain" library="SeleniumLibrary">
<doc>Verifies that current page contains ``text``.</doc>
<arguments>
<arg>${EXPECTED_RESULT}</arg>
</arguments>
<msg timestamp="20201106 11:34:27.110" level="INFO">Current page contains text 'US Election 2020 - BBC News'.</msg>
<status status="PASS" starttime="20201106 11:34:27.063" endtime="20201106 11:34:27.111"></status>
</kw>
<kw name="Close Browser" library="SeleniumLibrary">
<doc>Closes the current browser.</doc>
<status status="PASS" starttime="20201106 11:34:27.111" endtime="20201106 11:34:29.302"></status>
</kw>
<status status="PASS" starttime="20201106 11:34:27.062" endtime="20201106 11:34:29.303"></status>
</kw>
<status status="PASS" starttime="20201106 11:34:19.188" endtime="20201106 11:34:29.303" critical="yes"></status>
</test>
<status status="PASS" starttime="20201106 11:34:18.980" endtime="20201106 11:34:29.307"></status>
</suite>
<statistics>
<total>
<stat pass="1" fail="0">Critical Tests</stat>
<stat pass="1" fail="0">All Tests</stat>
</total>
<tag>
</tag>
<suite>
<stat pass="1" fail="0" id="s1" name="Google-G3">Google-G3</stat>
</suite>
</statistics>
<errors>
</errors>
</robot>
